-------------------------------------------------------------------------------
Test set: com.elvispresley.demo.RockolaApplicationTests
-------------------------------------------------------------------------------
Tests run: 1, Failures: 1, Errors: 0, Skipped: 0, Time elapsed: 7.578 s <<< FAILURE! - in com.elvispresley.demo.RockolaApplicationTests
probarDeleteCancion  Time elapsed: 0.134 s  <<< FAILURE!
org.opentest4j.AssertionFailedError: expected: <null> but was: <false>
	at com.elvispresley.demo.RockolaApplicationTests.probarDeleteCancion(RockolaApplicationTests.java:84)

